Using pre-set license
Built from '2020.3/release' branch; Version is '2020.3.2f1 (8fd9074bf66c) revision 9427207'; Using compiler version '192528614'; Build Type 'Release'
OS: 'Windows 10 Pro; OS build 18363.720; Version 1909; 64bit' Language: 'ru' Physical Memory: 16313 MB
BatchMode: 1, IsHumanControllingUs: 0, StartBugReporterOnCrash: 0, Is64bit: 1, IsPro: 0

 COMMAND LINE ARGUMENTS:
E:\UnityEditors\2020.3.2f1\Editor\Unity.exe
-adb2
-batchMode
-noUpm
-name
AssetImportWorker0
-projectPath
E:/UNITYSHARAGAPRACTS/Hadmud
-logFile
Logs/AssetImportWorker0.log
-srvPort
58221
Successfully changed project path to: E:/UNITYSHARAGAPRACTS/Hadmud
E:/UNITYSHARAGAPRACTS/Hadmud
Using Asset Import Pipeline V2.
Refreshing native plugins compatible for Editor in 41.42 ms, found 1 plugins.
Preloading 0 native plugins for Editor in 0.00 ms.
Initialize engine version: 2020.3.2f1 (8fd9074bf66c)
[Subsystems] Discovering subsystems at path E:/UnityEditors/2020.3.2f1/Editor/Data/Resources/UnitySubsystems
[Subsystems] Discovering subsystems at path E:/UNITYSHARAGAPRACTS/Hadmud/Assets
GfxDevice: creating device client; threaded=0
Direct3D:
    Version:  Direct3D 11.0 [level 11.1]
    Renderer: NVIDIA GeForce GTX 1050 Ti (ID=0x1c82)
    Vendor:   
    VRAM:     4018 MB
    Driver:   27.21.14.6109
Initialize mono
Mono path[0] = 'E:/UnityEditors/2020.3.2f1/Editor/Data/Managed'
Mono path[1] = 'E:/UnityEditors/2020.3.2f1/Editor/Data/MonoBleedingEdge/lib/mono/unityjit'
Mono config path = 'E:/UnityEditors/2020.3.2f1/Editor/Data/MonoBleedingEdge/etc'
Using monoOptions --debugger-agent=transport=dt_socket,embedding=1,server=y,suspend=n,address=127.0.0.1:56592
Begin MonoManager ReloadAssembly
Registering precompiled unity dll's ...
Register platform support module: E:/UnityEditors/2020.3.2f1/Editor/Data/PlaybackEngines/WindowsStandaloneSupport/UnityEditor.WindowsStandalone.Extensions.dll
Registered in 0.001432 seconds.
Native extension for WindowsStandalone target not found
Refreshing native plugins compatible for Editor in 43.27 ms, found 1 plugins.
Preloading 0 native plugins for Editor in 0.00 ms.
Invoked RoslynAnalysisRunner static constructor.
RoslynAnalysisRunner will not be running.
RoslynAnalysisRunner has terminated.
Mono: successfully reloaded assembly
- Completed reload, in  1.316 seconds
Platform modules already initialized, skipping
Registering precompiled user dll's ...
Registered in 0.001057 seconds.
Begin MonoManager ReloadAssembly
Native extension for WindowsStandalone target not found
Refreshing native plugins compatible for Editor in 42.08 ms, found 1 plugins.
Preloading 0 native plugins for Editor in 0.00 ms.
Invoked RoslynAnalysisRunner static constructor.
RoslynAnalysisRunner will not be running.
RoslynAnalysisRunner has terminated.
Mono: successfully reloaded assembly
- Completed reload, in  1.078 seconds
Platform modules already initialized, skipping
========================================================================
Worker process is ready to serve import requests
Launched and connected shader compiler UnityShaderCompiler.exe after 0.05 seconds
Refreshing native plugins compatible for Editor in 0.41 ms, found 1 plugins.
Preloading 0 native plugins for Editor in 0.00 ms.
Unloading 1963 Unused Serialized files (Serialized files now loaded: 0)
System memory in use before: 90.2 MB.
System memory in use after: 90.1 MB.

Unloading 25 unused Assets to reduce memory usage. Loaded Objects now: 2407.
Total: 2.707500 ms (FindLiveObjects: 0.223700 ms CreateObjectMapping: 0.145800 ms MarkObjects: 2.205300 ms  DeleteObjects: 0.131300 ms)

========================================================================
Received Import Request.
  path: Assets/Sprites/ImpactEffect.anim
  artifactKey: Guid(a8b8bb58af8d59d45991804924b478bc) Importer(815301076,1909f56bfc062723c751e8b465ee728b)
Start importing Assets/Sprites/ImpactEffect.anim using Guid(a8b8bb58af8d59d45991804924b478bc) Importer(815301076,1909f56bfc062723c751e8b465ee728b)  -> (artifact id: '7628f0c8befee63660aab2a421e5d0d2') in 0.038617 seconds
  Import took 0.042986 seconds .

========================================================================
Received Import Request.
  Time since last request: 70.464143 seconds.
  path: Assets/Sprites/TestDeathEffect.controller
  artifactKey: Guid(9df5c10820df5034dbfa338f59edaac9) Importer(815301076,1909f56bfc062723c751e8b465ee728b)
Start importing Assets/Sprites/TestDeathEffect.controller using Guid(9df5c10820df5034dbfa338f59edaac9) Importer(815301076,1909f56bfc062723c751e8b465ee728b)  -> (artifact id: '209a1e90233713935f26d4a4b57b94e9') in 0.009698 seconds
  Import took 0.012549 seconds .

========================================================================
Received Prepare
Refreshing native plugins compatible for Editor in 1.72 ms, found 1 plugins.
Preloading 0 native plugins for Editor in 0.00 ms.
Unloading 10 Unused Serialized files (Serialized files now loaded: 0)
System memory in use before: 51.2 MB.
System memory in use after: 51.2 MB.

Unloading 10 unused Assets to reduce memory usage. Loaded Objects now: 2407.
Total: 3.856200 ms (FindLiveObjects: 0.173300 ms CreateObjectMapping: 0.082000 ms MarkObjects: 3.502700 ms  DeleteObjects: 0.096700 ms)

========================================================================
Received Import Request.
  Time since last request: 58.866766 seconds.
  path: Assets/Scriptes/Bullet.cs
  artifactKey: Guid(ed37f23b000dfc749967e41c5fb0b873) Importer(815301076,1909f56bfc062723c751e8b465ee728b)
Start importing Assets/Scriptes/Bullet.cs using Guid(ed37f23b000dfc749967e41c5fb0b873) Importer(815301076,1909f56bfc062723c751e8b465ee728b)  -> (artifact id: '362113ecc450fe44e70453fc9cd6a5cc') in 0.010979 seconds
  Import took 0.014060 seconds .

========================================================================
Received Import Request.
  Time since last request: 0.001456 seconds.
  path: Assets/Scriptes/Bullet.cs
  artifactKey: Guid(ed37f23b000dfc749967e41c5fb0b873) Importer(815301076,1909f56bfc062723c751e8b465ee728b)
Start importing Assets/Scriptes/Bullet.cs using Guid(ed37f23b000dfc749967e41c5fb0b873) Importer(815301076,1909f56bfc062723c751e8b465ee728b)  -> (artifact id: '362113ecc450fe44e70453fc9cd6a5cc') in 0.001773 seconds
  Import took 0.005921 seconds .

========================================================================
Received Prepare
Registering precompiled user dll's ...
Registered in 0.000947 seconds.
Begin MonoManager ReloadAssembly
Native extension for WindowsStandalone target not found
Refreshing native plugins compatible for Editor in 0.33 ms, found 1 plugins.
Preloading 0 native plugins for Editor in 0.00 ms.
Invoked RoslynAnalysisRunner static constructor.
RoslynAnalysisRunner will not be running.
RoslynAnalysisRunner has terminated.
Mono: successfully reloaded assembly
- Completed reload, in  0.830 seconds
Platform modules already initialized, skipping
Refreshing native plugins compatible for Editor in 0.32 ms, found 1 plugins.
Preloading 0 native plugins for Editor in 0.00 ms.
Unloading 1956 Unused Serialized files (Serialized files now loaded: 0)
System memory in use before: 90.0 MB.
System memory in use after: 90.0 MB.

Unloading 13 unused Assets to reduce memory usage. Loaded Objects now: 2411.
Total: 2.373600 ms (FindLiveObjects: 0.262700 ms CreateObjectMapping: 0.134000 ms MarkObjects: 1.856700 ms  DeleteObjects: 0.118200 ms)

========================================================================
Received Prepare
Registering precompiled user dll's ...
Registered in 0.000976 seconds.
Begin MonoManager ReloadAssembly
Native extension for WindowsStandalone target not found
Refreshing native plugins compatible for Editor in 0.33 ms, found 1 plugins.
Preloading 0 native plugins for Editor in 0.00 ms.
Invoked RoslynAnalysisRunner static constructor.
RoslynAnalysisRunner will not be running.
RoslynAnalysisRunner has terminated.
Mono: successfully reloaded assembly
- Completed reload, in  0.832 seconds
Platform modules already initialized, skipping
Refreshing native plugins compatible for Editor in 0.37 ms, found 1 plugins.
Preloading 0 native plugins for Editor in 0.00 ms.
Unloading 1956 Unused Serialized files (Serialized files now loaded: 0)
System memory in use before: 90.1 MB.
System memory in use after: 90.0 MB.

Unloading 13 unused Assets to reduce memory usage. Loaded Objects now: 2415.
Total: 2.160700 ms (FindLiveObjects: 0.182000 ms CreateObjectMapping: 0.082700 ms MarkObjects: 1.768600 ms  DeleteObjects: 0.125900 ms)

========================================================================
Received Import Request.
  Time since last request: 139.189193 seconds.
  path: Assets/Prefubs/ImpactEffect.prefab
  artifactKey: Guid(2e5d2ec3c72de154cbbbc192f2e4c764) Importer(815301076,1909f56bfc062723c751e8b465ee728b)
Start importing Assets/Prefubs/ImpactEffect.prefab using Guid(2e5d2ec3c72de154cbbbc192f2e4c764) Importer(815301076,1909f56bfc062723c751e8b465ee728b)  -> (artifact id: 'fa7d71fd588aabb192a8d90924753625') in 0.079833 seconds
  Import took 0.082774 seconds .

========================================================================
Received Prepare
Registering precompiled user dll's ...
Registered in 0.001099 seconds.
Begin MonoManager ReloadAssembly
Native extension for WindowsStandalone target not found
Refreshing native plugins compatible for Editor in 0.32 ms, found 1 plugins.
Preloading 0 native plugins for Editor in 0.00 ms.
Invoked RoslynAnalysisRunner static constructor.
RoslynAnalysisRunner will not be running.
RoslynAnalysisRunner has terminated.
Mono: successfully reloaded assembly
- Completed reload, in  0.822 seconds
Platform modules already initialized, skipping
Refreshing native plugins compatible for Editor in 0.32 ms, found 1 plugins.
Preloading 0 native plugins for Editor in 0.00 ms.
Unloading 1956 Unused Serialized files (Serialized files now loaded: 0)
System memory in use before: 93.2 MB.
System memory in use after: 93.2 MB.

Unloading 13 unused Assets to reduce memory usage. Loaded Objects now: 2426.
Total: 1.914700 ms (FindLiveObjects: 0.174100 ms CreateObjectMapping: 0.074500 ms MarkObjects: 1.539400 ms  DeleteObjects: 0.126100 ms)

========================================================================
Received Import Request.
  Time since last request: 102.527427 seconds.
  path: Assets/Prefubs/ImpactEffect.prefab
  artifactKey: Guid(2e5d2ec3c72de154cbbbc192f2e4c764) Importer(815301076,1909f56bfc062723c751e8b465ee728b)
Start importing Assets/Prefubs/ImpactEffect.prefab using Guid(2e5d2ec3c72de154cbbbc192f2e4c764) Importer(815301076,1909f56bfc062723c751e8b465ee728b)  -> (artifact id: '9e5abd0219dad4e3e9909dcc2a035c5a') in 0.049814 seconds
  Import took 0.052818 seconds .

========================================================================
Received Import Request.
  Time since last request: 1.078413 seconds.
  path: Assets/Prefubs/ImpactEffect.prefab
  artifactKey: Guid(2e5d2ec3c72de154cbbbc192f2e4c764) Importer(815301076,1909f56bfc062723c751e8b465ee728b)
Start importing Assets/Prefubs/ImpactEffect.prefab using Guid(2e5d2ec3c72de154cbbbc192f2e4c764) Importer(815301076,1909f56bfc062723c751e8b465ee728b)  -> (artifact id: '3200066fa6748ec1aa2a93a20a2cc45c') in 0.011062 seconds
  Import took 0.014511 seconds .

========================================================================
Received Import Request.
  Time since last request: 0.002877 seconds.
  path: Assets/Prefubs/ImpactEffect.prefab
  artifactKey: Guid(2e5d2ec3c72de154cbbbc192f2e4c764) Importer(815301076,1909f56bfc062723c751e8b465ee728b)
Start importing Assets/Prefubs/ImpactEffect.prefab using Guid(2e5d2ec3c72de154cbbbc192f2e4c764) Importer(815301076,1909f56bfc062723c751e8b465ee728b)  -> (artifact id: '3200066fa6748ec1aa2a93a20a2cc45c') in 0.012017 seconds
  Import took 0.015800 seconds .

========================================================================
Received Prepare
Registering precompiled user dll's ...
Registered in 0.001045 seconds.
Begin MonoManager ReloadAssembly
Native extension for WindowsStandalone target not found
Refreshing native plugins compatible for Editor in 0.32 ms, found 1 plugins.
Preloading 0 native plugins for Editor in 0.00 ms.
Invoked RoslynAnalysisRunner static constructor.
RoslynAnalysisRunner will not be running.
RoslynAnalysisRunner has terminated.
Mono: successfully reloaded assembly
- Completed reload, in  0.843 seconds
Platform modules already initialized, skipping
Refreshing native plugins compatible for Editor in 0.37 ms, found 1 plugins.
Preloading 0 native plugins for Editor in 0.00 ms.
Unloading 1956 Unused Serialized files (Serialized files now loaded: 0)
System memory in use before: 93.2 MB.
System memory in use after: 93.2 MB.

Unloading 13 unused Assets to reduce memory usage. Loaded Objects now: 2431.
Total: 2.210600 ms (FindLiveObjects: 0.174900 ms CreateObjectMapping: 0.089900 ms MarkObjects: 1.813000 ms  DeleteObjects: 0.131300 ms)

========================================================================
Received Prepare
Registering precompiled user dll's ...
Registered in 0.001005 seconds.
Begin MonoManager ReloadAssembly
Native extension for WindowsStandalone target not found
Refreshing native plugins compatible for Editor in 0.41 ms, found 1 plugins.
Preloading 0 native plugins for Editor in 0.00 ms.
Invoked RoslynAnalysisRunner static constructor.
RoslynAnalysisRunner will not be running.
RoslynAnalysisRunner has terminated.
Mono: successfully reloaded assembly
- Completed reload, in  0.868 seconds
Platform modules already initialized, skipping
Refreshing native plugins compatible for Editor in 0.38 ms, found 1 plugins.
Preloading 0 native plugins for Editor in 0.00 ms.
Unloading 1956 Unused Serialized files (Serialized files now loaded: 0)
System memory in use before: 93.2 MB.
System memory in use after: 93.2 MB.

Unloading 13 unused Assets to reduce memory usage. Loaded Objects now: 2435.
Total: 1.916000 ms (FindLiveObjects: 0.170900 ms CreateObjectMapping: 0.070000 ms MarkObjects: 1.521500 ms  DeleteObjects: 0.152900 ms)

========================================================================
Received Prepare
Registering precompiled user dll's ...
Registered in 0.001070 seconds.
Begin MonoManager ReloadAssembly
Native extension for WindowsStandalone target not found
Refreshing native plugins compatible for Editor in 0.32 ms, found 1 plugins.
Preloading 0 native plugins for Editor in 0.00 ms.
Invoked RoslynAnalysisRunner static constructor.
RoslynAnalysisRunner will not be running.
RoslynAnalysisRunner has terminated.
Mono: successfully reloaded assembly
- Completed reload, in  0.824 seconds
Platform modules already initialized, skipping
Refreshing native plugins compatible for Editor in 0.32 ms, found 1 plugins.
Preloading 0 native plugins for Editor in 0.00 ms.
Unloading 1956 Unused Serialized files (Serialized files now loaded: 0)
System memory in use before: 93.2 MB.
System memory in use after: 93.2 MB.

Unloading 13 unused Assets to reduce memory usage. Loaded Objects now: 2439.
Total: 2.129900 ms (FindLiveObjects: 0.187100 ms CreateObjectMapping: 0.077100 ms MarkObjects: 1.762400 ms  DeleteObjects: 0.102200 ms)

========================================================================
Received Prepare
Registering precompiled user dll's ...
Registered in 0.000998 seconds.
Begin MonoManager ReloadAssembly
Native extension for WindowsStandalone target not found
Refreshing native plugins compatible for Editor in 0.35 ms, found 1 plugins.
Preloading 0 native plugins for Editor in 0.00 ms.
Invoked RoslynAnalysisRunner static constructor.
RoslynAnalysisRunner will not be running.
RoslynAnalysisRunner has terminated.
Mono: successfully reloaded assembly
- Completed reload, in  0.819 seconds
Platform modules already initialized, skipping
Refreshing native plugins compatible for Editor in 0.32 ms, found 1 plugins.
Preloading 0 native plugins for Editor in 0.00 ms.
Unloading 1956 Unused Serialized files (Serialized files now loaded: 0)
System memory in use before: 93.2 MB.
System memory in use after: 93.2 MB.

Unloading 13 unused Assets to reduce memory usage. Loaded Objects now: 2443.
Total: 1.850300 ms (FindLiveObjects: 0.199200 ms CreateObjectMapping: 0.076400 ms MarkObjects: 1.469200 ms  DeleteObjects: 0.104300 ms)

========================================================================
Received Import Request.
  Time since last request: 299.699365 seconds.
  path: Assets/Prefubs/ImpactEffect.prefab
  artifactKey: Guid(2e5d2ec3c72de154cbbbc192f2e4c764) Importer(815301076,1909f56bfc062723c751e8b465ee728b)
Start importing Assets/Prefubs/ImpactEffect.prefab using Guid(2e5d2ec3c72de154cbbbc192f2e4c764) Importer(815301076,1909f56bfc062723c751e8b465ee728b)  -> (artifact id: '93352028b3607ee5405a67d8ef6a349a') in 0.056672 seconds
  Import took 0.060035 seconds .

========================================================================
Received Prepare
Registering precompiled user dll's ...
Registered in 0.000901 seconds.
Begin MonoManager ReloadAssembly
Native extension for WindowsStandalone target not found
Refreshing native plugins compatible for Editor in 0.34 ms, found 1 plugins.
Preloading 0 native plugins for Editor in 0.00 ms.
Invoked RoslynAnalysisRunner static constructor.
RoslynAnalysisRunner will not be running.
RoslynAnalysisRunner has terminated.
Mono: successfully reloaded assembly
- Completed reload, in  0.902 seconds
Platform modules already initialized, skipping
Refreshing native plugins compatible for Editor in 0.40 ms, found 1 plugins.
Preloading 0 native plugins for Editor in 0.00 ms.
Unloading 1956 Unused Serialized files (Serialized files now loaded: 0)
System memory in use before: 93.3 MB.
System memory in use after: 93.2 MB.

Unloading 13 unused Assets to reduce memory usage. Loaded Objects now: 2448.
Total: 1.996500 ms (FindLiveObjects: 0.201000 ms CreateObjectMapping: 0.085800 ms MarkObjects: 1.591300 ms  DeleteObjects: 0.116900 ms)

========================================================================
Received Import Request.
  Time since last request: 52.509695 seconds.
  path: Assets/Scenes/TestScene2.unity
  artifactKey: Guid(f0c6e48d029f3b443973ddd5a29fdf04) Importer(815301076,1909f56bfc062723c751e8b465ee728b)
Start importing Assets/Scenes/TestScene2.unity using Guid(f0c6e48d029f3b443973ddd5a29fdf04) Importer(815301076,1909f56bfc062723c751e8b465ee728b)  -> (artifact id: '0f777d24aea958c4be13675291706243') in 0.014019 seconds
  Import took 0.018706 seconds .

========================================================================
Received Import Request.
  Time since last request: 0.000601 seconds.
  path: Assets/Scenes/TestScene2.unity
  artifactKey: Guid(f0c6e48d029f3b443973ddd5a29fdf04) Importer(815301076,1909f56bfc062723c751e8b465ee728b)
Start importing Assets/Scenes/TestScene2.unity using Guid(f0c6e48d029f3b443973ddd5a29fdf04) Importer(815301076,1909f56bfc062723c751e8b465ee728b)  -> (artifact id: '0f777d24aea958c4be13675291706243') in 0.002759 seconds
  Import took 0.005971 seconds .

========================================================================
Received Prepare
Registering precompiled user dll's ...
Registered in 0.001463 seconds.
Begin MonoManager ReloadAssembly
Native extension for WindowsStandalone target not found
Refreshing native plugins compatible for Editor in 0.32 ms, found 1 plugins.
Preloading 0 native plugins for Editor in 0.00 ms.
Invoked RoslynAnalysisRunner static constructor.
RoslynAnalysisRunner will not be running.
RoslynAnalysisRunner has terminated.
Mono: successfully reloaded assembly
- Completed reload, in  0.848 seconds
Platform modules already initialized, skipping
Refreshing native plugins compatible for Editor in 0.32 ms, found 1 plugins.
Preloading 0 native plugins for Editor in 0.00 ms.
Unloading 1956 Unused Serialized files (Serialized files now loaded: 0)
System memory in use before: 93.3 MB.
System memory in use after: 93.2 MB.

Unloading 13 unused Assets to reduce memory usage. Loaded Objects now: 2452.
Total: 1.908000 ms (FindLiveObjects: 0.222700 ms CreateObjectMapping: 0.088000 ms MarkObjects: 1.496200 ms  DeleteObjects: 0.100300 ms)

========================================================================
Received Prepare
Registering precompiled user dll's ...
Registered in 0.000938 seconds.
Begin MonoManager ReloadAssembly
Native extension for WindowsStandalone target not found
Refreshing native plugins compatible for Editor in 0.32 ms, found 1 plugins.
Preloading 0 native plugins for Editor in 0.00 ms.
Invoked RoslynAnalysisRunner static constructor.
RoslynAnalysisRunner will not be running.
RoslynAnalysisRunner has terminated.
Mono: successfully reloaded assembly
- Completed reload, in  0.827 seconds
Platform modules already initialized, skipping
Refreshing native plugins compatible for Editor in 0.32 ms, found 1 plugins.
Preloading 0 native plugins for Editor in 0.00 ms.
Unloading 1956 Unused Serialized files (Serialized files now loaded: 0)
System memory in use before: 93.3 MB.
System memory in use after: 93.3 MB.

Unloading 13 unused Assets to reduce memory usage. Loaded Objects now: 2456.
Total: 1.913100 ms (FindLiveObjects: 0.182400 ms CreateObjectMapping: 0.076100 ms MarkObjects: 1.553600 ms  DeleteObjects: 0.100000 ms)

========================================================================
Received Prepare
Registering precompiled user dll's ...
Registered in 0.000952 seconds.
Begin MonoManager ReloadAssembly
Native extension for WindowsStandalone target not found
Refreshing native plugins compatible for Editor in 0.33 ms, found 1 plugins.
Preloading 0 native plugins for Editor in 0.00 ms.
Invoked RoslynAnalysisRunner static constructor.
RoslynAnalysisRunner will not be running.
RoslynAnalysisRunner has terminated.
Mono: successfully reloaded assembly
- Completed reload, in  0.800 seconds
Platform modules already initialized, skipping
Refreshing native plugins compatible for Editor in 0.35 ms, found 1 plugins.
Preloading 0 native plugins for Editor in 0.00 ms.
Unloading 1956 Unused Serialized files (Serialized files now loaded: 0)
System memory in use before: 93.3 MB.
System memory in use after: 93.3 MB.

Unloading 13 unused Assets to reduce memory usage. Loaded Objects now: 2460.
Total: 2.024000 ms (FindLiveObjects: 0.196000 ms CreateObjectMapping: 0.083600 ms MarkObjects: 1.642500 ms  DeleteObjects: 0.101000 ms)

========================================================================
Received Prepare
Registering precompiled user dll's ...
Registered in 0.000928 seconds.
Begin MonoManager ReloadAssembly
Native extension for WindowsStandalone target not found
Refreshing native plugins compatible for Editor in 0.37 ms, found 1 plugins.
Preloading 0 native plugins for Editor in 0.00 ms.
Invoked RoslynAnalysisRunner static constructor.
RoslynAnalysisRunner will not be running.
RoslynAnalysisRunner has terminated.
Mono: successfully reloaded assembly
- Completed reload, in  0.862 seconds
Platform modules already initialized, skipping
Refreshing native plugins compatible for Editor in 0.32 ms, found 1 plugins.
Preloading 0 native plugins for Editor in 0.00 ms.
Unloading 1956 Unused Serialized files (Serialized files now loaded: 0)
System memory in use before: 93.3 MB.
System memory in use after: 93.3 MB.

Unloading 13 unused Assets to reduce memory usage. Loaded Objects now: 2464.
Total: 1.857300 ms (FindLiveObjects: 0.172900 ms CreateObjectMapping: 0.070900 ms MarkObjects: 1.506200 ms  DeleteObjects: 0.106400 ms)

========================================================================
Received Prepare
Registering precompiled user dll's ...
Registered in 0.000953 seconds.
Begin MonoManager ReloadAssembly
Native extension for WindowsStandalone target not found
Refreshing native plugins compatible for Editor in 0.33 ms, found 1 plugins.
Preloading 0 native plugins for Editor in 0.00 ms.
Invoked RoslynAnalysisRunner static constructor.
RoslynAnalysisRunner will not be running.
RoslynAnalysisRunner has terminated.
Mono: successfully reloaded assembly
- Completed reload, in  0.803 seconds
Platform modules already initialized, skipping
Refreshing native plugins compatible for Editor in 0.32 ms, found 1 plugins.
Preloading 0 native plugins for Editor in 0.00 ms.
Unloading 1956 Unused Serialized files (Serialized files now loaded: 0)
System memory in use before: 93.3 MB.
System memory in use after: 93.3 MB.

Unloading 13 unused Assets to reduce memory usage. Loaded Objects now: 2468.
Total: 2.131200 ms (FindLiveObjects: 0.169000 ms CreateObjectMapping: 0.069600 ms MarkObjects: 1.765100 ms  DeleteObjects: 0.126600 ms)

========================================================================
Received Prepare
Registering precompiled user dll's ...
Registered in 0.000999 seconds.
Begin MonoManager ReloadAssembly
Native extension for WindowsStandalone target not found
Refreshing native plugins compatible for Editor in 0.32 ms, found 1 plugins.
Preloading 0 native plugins for Editor in 0.00 ms.
Invoked RoslynAnalysisRunner static constructor.
RoslynAnalysisRunner will not be running.
RoslynAnalysisRunner has terminated.
Mono: successfully reloaded assembly
- Completed reload, in  0.775 seconds
Platform modules already initialized, skipping
Refreshing native plugins compatible for Editor in 0.33 ms, found 1 plugins.
Preloading 0 native plugins for Editor in 0.00 ms.
Unloading 1956 Unused Serialized files (Serialized files now loaded: 0)
System memory in use before: 93.3 MB.
System memory in use after: 93.3 MB.

Unloading 13 unused Assets to reduce memory usage. Loaded Objects now: 2472.
Total: 1.834200 ms (FindLiveObjects: 0.198200 ms CreateObjectMapping: 0.083500 ms MarkObjects: 1.449000 ms  DeleteObjects: 0.102500 ms)

========================================================================
Received Prepare
Registering precompiled user dll's ...
Registered in 0.001002 seconds.
Begin MonoManager ReloadAssembly
Native extension for WindowsStandalone target not found
Refreshing native plugins compatible for Editor in 0.33 ms, found 1 plugins.
Preloading 0 native plugins for Editor in 0.00 ms.
Invoked RoslynAnalysisRunner static constructor.
RoslynAnalysisRunner will not be running.
RoslynAnalysisRunner has terminated.
Mono: successfully reloaded assembly
- Completed reload, in  0.775 seconds
Platform modules already initialized, skipping
Refreshing native plugins compatible for Editor in 0.31 ms, found 1 plugins.
Preloading 0 native plugins for Editor in 0.00 ms.
Unloading 1956 Unused Serialized files (Serialized files now loaded: 0)
System memory in use before: 93.3 MB.
System memory in use after: 93.3 MB.

Unloading 13 unused Assets to reduce memory usage. Loaded Objects now: 2476.
Total: 2.250700 ms (FindLiveObjects: 0.254500 ms CreateObjectMapping: 0.108300 ms MarkObjects: 1.779600 ms  DeleteObjects: 0.107100 ms)

AssetImportWorkerClient::OnTransportError - code=2 error=End of file
